<?xml version="1.0" encoding="UTF-8"?>
<testng-results skipped="0" failed="0" ignored="0" total="10" passed="10">
  <reporter-output>
  </reporter-output>
  <suite name="Default suite" duration-ms="285" started-at="2020-01-11T13:18:53Z" finished-at="2020-01-11T13:18:53Z">
    <groups>
    </groups>
    <test name="Default test" duration-ms="285" started-at="2020-01-11T13:18:53Z" finished-at="2020-01-11T13:18:53Z">
      <class name="upsideLMS.DemoTest">
        <test-method status="PASS" signature="test()[pri:0, instance:upsideLMS.DemoTest@1aeed2f]" name="test" duration-ms="45" started-at="2020-01-11T13:18:53Z" finished-at="2020-01-11T13:18:53Z">
          <reporter-output>
          </reporter-output>
        </test-method> <!-- test -->
        <test-method status="PASS" signature="test0()[pri:0, instance:upsideLMS.DemoTest@1aeed2f]" name="test0" duration-ms="2" started-at="2020-01-11T13:18:53Z" finished-at="2020-01-11T13:18:53Z">
          <reporter-output>
          </reporter-output>
        </test-method> <!-- test0 -->
        <test-method status="PASS" signature="test1()[pri:0, instance:upsideLMS.DemoTest@1aeed2f]" name="test1" duration-ms="9" started-at="2020-01-11T13:18:53Z" finished-at="2020-01-11T13:18:53Z">
          <reporter-output>
          </reporter-output>
        </test-method> <!-- test1 -->
        <test-method status="PASS" signature="test2()[pri:0, instance:upsideLMS.DemoTest@1aeed2f]" name="test2" duration-ms="0" started-at="2020-01-11T13:18:53Z" finished-at="2020-01-11T13:18:53Z">
          <reporter-output>
          </reporter-output>
        </test-method> <!-- test2 -->
        <test-method status="PASS" signature="test3()[pri:0, instance:upsideLMS.DemoTest@1aeed2f]" name="test3" duration-ms="5" started-at="2020-01-11T13:18:53Z" finished-at="2020-01-11T13:18:53Z">
          <reporter-output>
          </reporter-output>
        </test-method> <!-- test3 -->
      </class> <!-- upsideLMS.DemoTest -->
      <class name="upsideLMS.DemoTest2">
        <test-method status="PASS" signature="test()[pri:0, instance:upsideLMS.DemoTest2@4af044]" name="test" duration-ms="0" started-at="2020-01-11T13:18:53Z" finished-at="2020-01-11T13:18:53Z">
          <reporter-output>
          </reporter-output>
        </test-method> <!-- test -->
        <test-method status="PASS" signature="test0()[pri:0, instance:upsideLMS.DemoTest2@4af044]" name="test0" duration-ms="0" started-at="2020-01-11T13:18:53Z" finished-at="2020-01-11T13:18:53Z">
          <reporter-output>
          </reporter-output>
        </test-method> <!-- test0 -->
        <test-method status="PASS" signature="test1()[pri:0, instance:upsideLMS.DemoTest2@4af044]" name="test1" duration-ms="5" started-at="2020-01-11T13:18:53Z" finished-at="2020-01-11T13:18:53Z">
          <reporter-output>
          </reporter-output>
        </test-method> <!-- test1 -->
        <test-method status="PASS" signature="test2()[pri:0, instance:upsideLMS.DemoTest2@4af044]" name="test2" duration-ms="15" started-at="2020-01-11T13:18:53Z" finished-at="2020-01-11T13:18:53Z">
          <reporter-output>
          </reporter-output>
        </test-method> <!-- test2 -->
        <test-method status="PASS" signature="test3()[pri:0, instance:upsideLMS.DemoTest2@4af044]" name="test3" duration-ms="5" started-at="2020-01-11T13:18:53Z" finished-at="2020-01-11T13:18:53Z">
          <reporter-output>
          </reporter-output>
        </test-method> <!-- test3 -->
      </class> <!-- upsideLMS.DemoTest2 -->
    </test> <!-- Default test -->
  </suite> <!-- Default suite -->
</testng-results>
